2023-07-29 23:51:51,209 INFO: 
                ____                _       _____  ____
               / __ ) ____ _ _____ (_)_____/ ___/ / __ \
              / __  |/ __ `// ___// // ___/\__ \ / /_/ /
             / /_/ // /_/ /(__  )/ // /__ ___/ // _, _/
            /_____/ \__,_//____//_/ \___//____//_/ |_|
     ______                   __   __                 __      __
    / ____/____   ____   ____/ /  / /   __  __ _____ / /__   / /
   / / __ / __ \ / __ \ / __  /  / /   / / / // ___// //_/  / /
  / /_/ // /_/ // /_/ // /_/ /  / /___/ /_/ // /__ / /<    /_/
  \____/ \____/ \____/ \____/  /_____/\____/ \___//_/|_|  (_)
    
Version Information: 
	BasicSR: 1.2.0+7a36b56
	PyTorch: 1.12.0
	TorchVision: 0.13.0
2023-07-29 23:51:51,209 INFO: 
  name: GaussianGrayDenoising_Restormer
  model_type: ImageCleanModel
  scale: 1
  num_gpu: 2
  manual_seed: 0
  datasets:[
    train:[
      name: TrainSet
      type: Dataset_PairedImage
      in_ch: 1
      flag: grayscale
      dataroot_gt: /mnt/big_disk/s.lin/RestormerGrayScale/clean/train/DFWB
      dataroot_lq: /mnt/big_disk/s.lin/RestormerGrayScale/noise_50/train/DFWB
      geometric_augs: True
      filename_tmpl: {}
      io_backend:[
        type: disk
      ]
      use_shuffle: True
      num_worker_per_gpu: 8
      batch_size_per_gpu: 16
      mini_batch_sizes: [16]
      iters: [300000]
      gt_size: 256
      gt_sizes: [256]
      dataset_enlarge_ratio: 1
      prefetch_mode: None
      phase: train
      scale: 1
    ]
    val:[
      name: ValSet
      type: Dataset_PairedImage
      in_ch: 1
      dataroot_gt: /mnt/big_disk/s.lin/RestormerGrayScale/clean/test/BSD68
      dataroot_lq: /mnt/big_disk/s.lin/RestormerGrayScale/noise_50/test/BSD68
      io_backend:[
        type: disk
      ]
      phase: val
      scale: 1
    ]
  ]
  network_g:[
    type: Restormer
    inp_channels: 1
    out_channels: 1
    dim: 48
    num_blocks: [4, 6, 6, 8]
    num_refinement_blocks: 4
    heads: [1, 2, 4, 8]
    ffn_expansion_factor: 2.66
    bias: False
    LayerNorm_type: BiasFree
    dual_pixel_task: False
  ]
  path:[
    pretrain_network_g: None
    strict_load_g: True
    resume_state: None
    root: /home/s.lin/Restormer
    experiments_root: /home/s.lin/Restormer/experiments/GaussianGrayDenoising_Restormer
    models: /home/s.lin/Restormer/experiments/GaussianGrayDenoising_Restormer/models
    training_states: /home/s.lin/Restormer/experiments/GaussianGrayDenoising_Restormer/training_states
    log: /home/s.lin/Restormer/experiments/GaussianGrayDenoising_Restormer
    visualization: /home/s.lin/Restormer/experiments/GaussianGrayDenoising_Restormer/visualization
  ]
  train:[
    total_iter: 300000
    warmup_iter: -1
    use_grad_clip: True
    scheduler:[
      type: CosineAnnealingRestartCyclicLR
      periods: [92000, 208000]
      restart_weights: [1, 1]
      eta_mins: [0.0003, 1e-06]
    ]
    mixing_augs:[
      mixup: False
    ]
    optim_g:[
      type: AdamW
      lr: 0.0003
      weight_decay: 0.0001
      betas: [0.9, 0.999]
    ]
    pixel_opt:[
      type: L1Loss
      loss_weight: 1
      reduction: mean
    ]
  ]
  val:[
    window_size: 8
    val_freq: 4000.0
    save_img: False
    rgb2bgr: True
    use_image: False
    max_minibatch: 8
    metrics:[
      psnr:[
        type: calculate_psnr
        crop_border: 0
        test_y_channel: False
      ]
    ]
  ]
  logger:[
    print_freq: 300
    save_checkpoint_freq: 4000.0
    use_tb_logger: True
    wandb:[
      project: None
      resume_id: None
    ]
  ]
  dist_params:[
    backend: nccl
    port: 29500
  ]
  is_train: True
  dist: True
  rank: 0
  world_size: 2

2023-07-29 23:51:51,310 INFO: Dataset Dataset_PairedImage - TrainSet is created.
